<?xml version="1.0" encoding="UTF-8"?>
<testng-results skipped="0" failed="0" ignored="0" total="2" passed="2">
  <reporter-output>
  </reporter-output>
  <suite name="Suite" duration-ms="17526" started-at="2021-11-29T18:40:46 IST" finished-at="2021-11-29T18:41:04 IST">
    <groups>
    </groups>
    <test name="Test" duration-ms="17526" started-at="2021-11-29T18:40:46 IST" finished-at="2021-11-29T18:41:04 IST">
      <class name="com.crm.qa.testcases.LoginPageTest">
        <test-method status="PASS" signature="setUp()[pri:0, instance:com.crm.qa.testcases.LoginPageTest@282003e1]" name="setUp" is-config="true" duration-ms="6546" started-at="2021-11-29T18:40:46 IST" finished-at="2021-11-29T18:40:53 IST">
          <reporter-output>
          </reporter-output>
        </test-method> <!-- setUp -->
        <test-method status="PASS" signature="validateTitleTest()[pri:1, instance:com.crm.qa.testcases.LoginPageTest@282003e1]" name="validateTitleTest" duration-ms="96" started-at="2021-11-29T18:40:53 IST" finished-at="2021-11-29T18:40:53 IST">
          <reporter-output>
          </reporter-output>
        </test-method> <!-- validateTitleTest -->
        <test-method status="PASS" signature="tearDown()[pri:0, instance:com.crm.qa.testcases.LoginPageTest@282003e1]" name="tearDown" is-config="true" duration-ms="1140" started-at="2021-11-29T18:40:53 IST" finished-at="2021-11-29T18:40:54 IST">
          <reporter-output>
          </reporter-output>
        </test-method> <!-- tearDown -->
        <test-method status="PASS" signature="setUp()[pri:0, instance:com.crm.qa.testcases.LoginPageTest@282003e1]" name="setUp" is-config="true" duration-ms="4811" started-at="2021-11-29T18:40:54 IST" finished-at="2021-11-29T18:40:59 IST">
          <reporter-output>
          </reporter-output>
        </test-method> <!-- setUp -->
        <test-method status="PASS" signature="loginTest()[pri:2, instance:com.crm.qa.testcases.LoginPageTest@282003e1]" name="loginTest" duration-ms="3135" started-at="2021-11-29T18:40:59 IST" finished-at="2021-11-29T18:41:02 IST">
          <reporter-output>
          </reporter-output>
        </test-method> <!-- loginTest -->
        <test-method status="PASS" signature="tearDown()[pri:0, instance:com.crm.qa.testcases.LoginPageTest@282003e1]" name="tearDown" is-config="true" duration-ms="1734" started-at="2021-11-29T18:41:02 IST" finished-at="2021-11-29T18:41:04 IST">
          <reporter-output>
          </reporter-output>
        </test-method> <!-- tearDown -->
      </class> <!-- com.crm.qa.testcases.LoginPageTest -->
    </test> <!-- Test -->
  </suite> <!-- Suite -->
</testng-results>
